0 info it worked if it ends with ok
1 verbose cli [ 'C:\\Bitnami\\meanstack-2.4.10-0\\nodejs\\\\node.exe',
1 verbose cli   'C:\\Bitnami\\meanstack-2.4.10-0\\nodejs\\node_modules\\npm\\bin\\npm-cli.js',
1 verbose cli   'install' ]
2 info using npm@1.4.3
3 info using node@v0.10.26
4 verbose node symlink C:\Bitnami\meanstack-2.4.10-0\nodejs\\node.exe
5 verbose readDependencies using package.json deps
6 verbose install where, deps [ 'C:\\Bitnami\\meanstack-2.4.10-0\\projects\\ep',
6 verbose install   [ 'express',
6 verbose install     'static-favicon',
6 verbose install     'morgan',
6 verbose install     'cookie-parser',
6 verbose install     'body-parser',
6 verbose install     'less-middleware',
6 verbose install     'debug',
6 verbose install     'hjs',
6 verbose install     'pg',
6 verbose install     'twitter-bootstrap' ] ]
7 info preinstall ep@0.0.1
8 verbose readDependencies using package.json deps
9 verbose already installed skipping express@~4.2.0 C:\Bitnami\meanstack-2.4.10-0\projects\ep
10 verbose already installed skipping static-favicon@~1.0.0 C:\Bitnami\meanstack-2.4.10-0\projects\ep
11 verbose already installed skipping morgan@~1.0.0 C:\Bitnami\meanstack-2.4.10-0\projects\ep
12 verbose already installed skipping cookie-parser@~1.0.1 C:\Bitnami\meanstack-2.4.10-0\projects\ep
13 verbose already installed skipping body-parser@~1.0.0 C:\Bitnami\meanstack-2.4.10-0\projects\ep
14 verbose already installed skipping less-middleware@* C:\Bitnami\meanstack-2.4.10-0\projects\ep
15 verbose already installed skipping debug@~0.7.4 C:\Bitnami\meanstack-2.4.10-0\projects\ep
16 verbose already installed skipping hjs@~0.0.6 C:\Bitnami\meanstack-2.4.10-0\projects\ep
17 verbose already installed skipping pg@* C:\Bitnami\meanstack-2.4.10-0\projects\ep
18 verbose cache add [ 'twitter-bootstrap@3.1.1', null ]
19 verbose cache add name=undefined spec="twitter-bootstrap@3.1.1" args=["twitter-bootstrap@3.1.1",null]
20 verbose parsed url { protocol: null,
20 verbose parsed url   slashes: null,
20 verbose parsed url   auth: null,
20 verbose parsed url   host: null,
20 verbose parsed url   port: null,
20 verbose parsed url   hostname: null,
20 verbose parsed url   hash: null,
20 verbose parsed url   search: null,
20 verbose parsed url   query: null,
20 verbose parsed url   pathname: 'twitter-bootstrap@3.1.1',
20 verbose parsed url   path: 'twitter-bootstrap@3.1.1',
20 verbose parsed url   href: 'twitter-bootstrap@3.1.1' }
21 verbose cache add name="twitter-bootstrap" spec="3.1.1" args=["twitter-bootstrap","3.1.1"]
22 verbose parsed url { protocol: null,
22 verbose parsed url   slashes: null,
22 verbose parsed url   auth: null,
22 verbose parsed url   host: null,
22 verbose parsed url   port: null,
22 verbose parsed url   hostname: null,
22 verbose parsed url   hash: null,
22 verbose parsed url   search: null,
22 verbose parsed url   query: null,
22 verbose parsed url   pathname: '3.1.1',
22 verbose parsed url   path: '3.1.1',
22 verbose parsed url   href: '3.1.1' }
23 verbose addNamed [ 'twitter-bootstrap', '3.1.1' ]
24 verbose addNamed [ '3.1.1', '3.1.1' ]
25 silly lockFile 1550d8ff-twitter-bootstrap-3-1-1 twitter-bootstrap@3.1.1
26 verbose lock twitter-bootstrap@3.1.1 C:\Users\Samuel\AppData\Roaming\npm-cache\1550d8ff-twitter-bootstrap-3-1-1.lock
27 verbose url raw twitter-bootstrap/3.1.1
28 verbose url resolving [ 'https://registry.npmjs.org/', './twitter-bootstrap/3.1.1' ]
29 verbose url resolved https://registry.npmjs.org/twitter-bootstrap/3.1.1
30 info trying registry request attempt 1 at 17:34:26
31 http GET https://registry.npmjs.org/twitter-bootstrap/3.1.1
32 http 404 https://registry.npmjs.org/twitter-bootstrap/3.1.1
33 silly registry.get cb [ 404,
33 silly registry.get   { date: 'Thu, 19 Jun 2014 15:34:25 GMT',
33 silly registry.get     server: 'CouchDB/1.5.0 (Erlang OTP/R14B04)',
33 silly registry.get     etag: '"7B1QCBABP2CJEJVROJJ3BDCVM"',
33 silly registry.get     'content-type': 'application/json',
33 silly registry.get     'cache-control': 'max-age=0',
33 silly registry.get     'content-length': '36',
33 silly registry.get     'accept-ranges': 'bytes',
33 silly registry.get     via: '1.1 varnish',
33 silly registry.get     age: '0',
33 silly registry.get     'x-served-by': 'cache-fra1222-FRA',
33 silly registry.get     'x-cache': 'MISS',
33 silly registry.get     'x-cache-hits': '0',
33 silly registry.get     'x-timer': 'S1403192065.556429,VS0,VE101',
33 silly registry.get     vary: 'Accept',
33 silly registry.get     'keep-alive': 'timeout=10, max=50',
33 silly registry.get     connection: 'Keep-Alive' } ]
34 silly lockFile 1550d8ff-twitter-bootstrap-3-1-1 twitter-bootstrap@3.1.1
35 silly lockFile 1550d8ff-twitter-bootstrap-3-1-1 twitter-bootstrap@3.1.1
36 error Error: version not found: 3.1.1 : twitter-bootstrap/3.1.1
36 error     at RegClient.<anonymous> (C:\Bitnami\meanstack-2.4.10-0\nodejs\node_modules\npm\node_modules\npm-registry-client\lib\request.js:237:14)
36 error     at Request.self.callback (C:\Bitnami\meanstack-2.4.10-0\nodejs\node_modules\npm\node_modules\request\request.js:123:22)
36 error     at Request.EventEmitter.emit (events.js:98:17)
36 error     at Request.<anonymous> (C:\Bitnami\meanstack-2.4.10-0\nodejs\node_modules\npm\node_modules\request\request.js:893:14)
36 error     at Request.EventEmitter.emit (events.js:117:20)
36 error     at IncomingMessage.<anonymous> (C:\Bitnami\meanstack-2.4.10-0\nodejs\node_modules\npm\node_modules\request\request.js:844:12)
36 error     at IncomingMessage.EventEmitter.emit (events.js:117:20)
36 error     at _stream_readable.js:920:16
36 error     at process._tickCallback (node.js:415:13)
37 error If you need help, you may report this *entire* log,
37 error including the npm and node versions, at:
37 error     <http://github.com/npm/npm/issues>
38 error System Windows_NT 6.2.9200
39 error command "C:\\Bitnami\\meanstack-2.4.10-0\\nodejs\\\\node.exe" "C:\\Bitnami\\meanstack-2.4.10-0\\nodejs\\node_modules\\npm\\bin\\npm-cli.js" "install"
40 error cwd C:\Bitnami\meanstack-2.4.10-0\projects\ep
41 error node -v v0.10.26
42 error npm -v 1.4.3
43 verbose exit [ 1, true ]
